2026-04-21 09:17:22,750 TRACE Entering deposit() with amount=500.0
2026-04-21 09:17:22,755 DEBUG Balance before deposit: 1000.0
2026-04-21 09:17:22,756 INFO  Deposited 500.0 successfully. New balance=1500.0
2026-04-21 09:17:22,758 TRACE Exiting deposit()
2026-04-21 09:17:22,758 TRACE Entering deposit() with amount=-50.0
2026-04-21 09:17:22,758 WARN  Invalid deposit: amount -50.0 is negative
2026-04-21 09:17:22,760 TRACE Entering withdraw() with amount=200.0
2026-04-21 09:17:22,760 DEBUG Balance before withdraw: 1500.0
2026-04-21 09:17:22,761 INFO  Withdrawn 200.0 successfully. New balance=1300.0
2026-04-21 09:17:22,763 TRACE Exiting withdraw()
2026-04-21 09:17:22,764 TRACE Entering withdraw() with amount=5000.0
2026-04-21 09:17:22,764 DEBUG Balance before withdraw: 1300.0
2026-04-21 09:17:22,793 ERROR Withdraw failed: insufficient balance. balance=1300.0, requested=5000.0
2026-04-21 09:17:22,794 TRACE Entering withdraw() with amount=-30.0
2026-04-21 09:17:22,794 WARN  Invalid withdraw: amount -30.0 is negative
2026-04-21 09:17:22,795 TRACE Entering getBalance()
2026-04-21 09:17:22,796 DEBUG Current balance=1300.0
2026-04-21 09:17:22,797 TRACE Exiting getBalance()
2026-04-21 09:24:11,666 TRACE Entering deposit() with amount=500.0
2026-04-21 09:24:11,675 DEBUG Balance before deposit: 1000.0
2026-04-21 09:24:11,675 INFO  Deposited 500.0 successfully. New balance=1500.0
2026-04-21 09:24:11,677 TRACE Exiting deposit()
2026-04-21 09:24:11,677 TRACE Entering deposit() with amount=-50.0
2026-04-21 09:24:11,678 WARN  Invalid deposit: amount -50.0 is negative
2026-04-21 09:24:11,678 TRACE Entering withdraw() with amount=200.0
2026-04-21 09:24:11,678 DEBUG Balance before withdraw: 1500.0
2026-04-21 09:24:11,679 INFO  Withdrawn 200.0 successfully. New balance=1300.0
2026-04-21 09:24:11,679 TRACE Exiting withdraw()
2026-04-21 09:24:11,680 TRACE Entering withdraw() with amount=5000.0
2026-04-21 09:24:11,680 DEBUG Balance before withdraw: 1300.0
2026-04-21 09:24:11,680 ERROR Withdraw failed: insufficient balance. balance=1300.0, requested=5000.0
2026-04-21 09:24:11,681 TRACE Entering withdraw() with amount=-30.0
2026-04-21 09:24:11,681 WARN  Invalid withdraw: amount -30.0 is negative
2026-04-21 09:24:11,681 TRACE Entering getBalance()
2026-04-21 09:24:11,681 DEBUG Current balance=1300.0
2026-04-21 09:24:11,681 TRACE Exiting getBalance()
2026-04-21 09:24:11,682 TRACE Entering Customer constructor: name=Alice, email=alice@gmail.com
2026-04-21 09:24:11,684 TRACE Exiting Customer constructor
2026-04-21 09:24:11,684 TRACE Entering getDomain()
2026-04-21 09:24:11,685 DEBUG getDomain called with email=alice@gmail.com
2026-04-21 09:24:11,685 INFO  Extracted domain successfully: GMAIL.COM
2026-04-21 09:24:11,685 TRACE Exiting getDomain()
2026-04-21 09:24:11,686 TRACE Entering Customer constructor: name=Bob, email=null
2026-04-21 09:24:11,687 WARN  Customer created with NULL email for name=Bob
2026-04-21 09:24:11,687 TRACE Exiting Customer constructor
2026-04-21 09:24:11,688 TRACE Entering getDomain()
2026-04-21 09:24:11,688 DEBUG getDomain called with email=null
2026-04-21 09:24:11,688 ERROR Cannot extract domain: email is NULL
2026-04-21 09:24:11,688 TRACE Entering Customer constructor: name=Charlie, email=charliegmail.com
2026-04-21 09:24:11,689 TRACE Exiting Customer constructor
2026-04-21 09:24:11,689 TRACE Entering getDomain()
2026-04-21 09:24:11,689 DEBUG getDomain called with email=charliegmail.com
2026-04-21 09:24:11,689 ERROR Invalid email format (missing @): charliegmail.com
2026-04-21 09:24:59,028 TRACE Entering deposit() with amount=500.0
2026-04-21 09:24:59,040 DEBUG Balance before deposit: 1000.0
2026-04-21 09:24:59,041 INFO  Deposited 500.0 successfully. New balance=1500.0
2026-04-21 09:24:59,046 TRACE Exiting deposit()
2026-04-21 09:24:59,046 TRACE Entering deposit() with amount=-50.0
2026-04-21 09:24:59,046 WARN  Invalid deposit: amount -50.0 is negative
2026-04-21 09:24:59,047 TRACE Entering withdraw() with amount=200.0
2026-04-21 09:24:59,047 DEBUG Balance before withdraw: 1500.0
2026-04-21 09:24:59,047 INFO  Withdrawn 200.0 successfully. New balance=1300.0
2026-04-21 09:24:59,047 TRACE Exiting withdraw()
2026-04-21 09:24:59,049 TRACE Entering withdraw() with amount=5000.0
2026-04-21 09:24:59,049 DEBUG Balance before withdraw: 1300.0
2026-04-21 09:24:59,049 ERROR Withdraw failed: insufficient balance. balance=1300.0, requested=5000.0
2026-04-21 09:24:59,049 TRACE Entering withdraw() with amount=-30.0
2026-04-21 09:24:59,050 WARN  Invalid withdraw: amount -30.0 is negative
2026-04-21 09:24:59,050 TRACE Entering getBalance()
2026-04-21 09:24:59,050 DEBUG Current balance=1300.0
2026-04-21 09:24:59,050 TRACE Exiting getBalance()
2026-04-21 09:24:59,052 TRACE Entering Customer constructor: name=Bold, email=bold@gmail.com
2026-04-21 09:24:59,052 TRACE Exiting Customer constructor
2026-04-21 09:24:59,052 TRACE Entering getDomain()
2026-04-21 09:24:59,052 DEBUG getDomain called with email=bold@gmail.com
2026-04-21 09:24:59,054 INFO  Extracted domain successfully: GMAIL.COM
2026-04-21 09:24:59,054 TRACE Exiting getDomain()
2026-04-21 09:24:59,054 TRACE Entering Customer constructor: name=Bat, email=null
2026-04-21 09:24:59,055 WARN  Customer created with NULL email for name=Bat
2026-04-21 09:24:59,055 TRACE Exiting Customer constructor
2026-04-21 09:24:59,055 TRACE Entering getDomain()
2026-04-21 09:24:59,057 DEBUG getDomain called with email=null
2026-04-21 09:24:59,057 ERROR Cannot extract domain: email is NULL
2026-04-21 09:24:59,057 TRACE Entering Customer constructor: name=Misheel, email=misheelgmail.com
2026-04-21 09:24:59,058 TRACE Exiting Customer constructor
2026-04-21 09:24:59,058 TRACE Entering getDomain()
2026-04-21 09:24:59,058 DEBUG getDomain called with email=misheelgmail.com
2026-04-21 09:24:59,058 ERROR Invalid email format (missing @): misheelgmail.com
2026-04-21 09:49:04,332 TRACE Entering deposit() with amount=500.0
2026-04-21 09:49:04,342 DEBUG Balance before deposit: 1000.0
2026-04-21 09:49:04,343 INFO  Deposited 500.0 successfully. New balance=1500.0
2026-04-21 09:49:04,345 TRACE Exiting deposit()
2026-04-21 09:49:04,345 TRACE Entering deposit() with amount=-50.0
2026-04-21 09:49:04,346 WARN  Invalid deposit: amount -50.0 is negative
2026-04-21 09:49:04,346 TRACE Entering withdraw() with amount=200.0
2026-04-21 09:49:04,346 DEBUG Balance before withdraw: 1500.0
2026-04-21 09:49:04,347 INFO  Withdrawn 200.0 successfully. New balance=1300.0
2026-04-21 09:49:04,347 TRACE Exiting withdraw()
2026-04-21 09:49:04,348 TRACE Entering withdraw() with amount=5000.0
2026-04-21 09:49:04,348 DEBUG Balance before withdraw: 1300.0
2026-04-21 09:49:04,348 ERROR Withdraw failed: insufficient balance. balance=1300.0, requested=5000.0
2026-04-21 09:49:04,349 TRACE Entering withdraw() with amount=-30.0
2026-04-21 09:49:04,350 WARN  Invalid withdraw: amount -30.0 is negative
2026-04-21 09:49:04,353 TRACE Entering getBalance()
2026-04-21 09:49:04,353 DEBUG Current balance=1300.0
2026-04-21 09:49:04,354 TRACE Exiting getBalance()
2026-04-21 09:49:04,379 TRACE Entering Customer constructor
2026-04-21 09:49:04,386 INFO  Customer created: name=Bold, email=bo***om
2026-04-21 09:49:04,388 TRACE Exiting Customer constructor
2026-04-21 09:49:04,389 TRACE Entering getDomain()
2026-04-21 09:49:04,389 DEBUG getDomain called with email=bo***om
2026-04-21 09:49:04,390 INFO  Extracted domain successfully: GMAIL.COM
2026-04-21 09:49:04,393 TRACE Exiting getDomain()
2026-04-21 09:49:04,394 TRACE Entering Customer constructor
2026-04-21 09:49:04,397 INFO  Customer created: name=Bat, email=***
2026-04-21 09:49:04,399 WARN  Customer created with NULL email for name=Bat
2026-04-21 09:49:04,399 TRACE Exiting Customer constructor
2026-04-21 09:49:04,400 TRACE Entering getDomain()
2026-04-21 09:49:04,400 DEBUG getDomain called with email=***
2026-04-21 09:49:04,401 ERROR Cannot extract domain: email is NULL
2026-04-21 09:49:04,401 TRACE Entering Customer constructor
2026-04-21 09:49:04,401 INFO  Customer created: name=Misheel, email=mi***om
2026-04-21 09:49:04,402 TRACE Exiting Customer constructor
2026-04-21 09:49:04,402 TRACE Entering getDomain()
2026-04-21 09:49:04,403 DEBUG getDomain called with email=mi***om
2026-04-21 09:49:04,404 ERROR Invalid email format (missing @): mi***om
